[00:41:03][SERVICE-DA-VINCI] : stat /src/tryhard-platform/src/services/da-vinci/src/tryhard-platform/src/services/da-vinci: no such file or directory
[00:41:03][SERVICE-DA-VINCI] : Watching 0 file/s 0 folder/s
[00:41:03][SERVICE-SITUATION] : stat /src/tryhard-platform/src/services/situation/src/tryhard-platform/src/services/situation: no such file or directory
[00:41:03][SERVICE-SITUATION] : Watching 0 file/s 0 folder/s
[00:41:03][SERVICE-DA-VINCI] : Command "go-wrapper download"
+ exec go get -v -d
can't load package: package tryhard-platform/src/services/da-vinci: no Go files in /src/tryhard-platform/src/services/da-vinci

[00:41:03][SERVICE-DA-VINCI] : Command "go-wrapper install"
+ exec go install -v
can't load package: package tryhard-platform/src/services/da-vinci: no Go files in /src/tryhard-platform/src/services/da-vinci

[00:41:03][SERVICE-DA-VINCI] : Installing...
[00:41:03][SERVICE-DA-VINCI] : Install exit status 1
can't load package: package tryhard-platform/src/services/da-vinci: no Go files in /src/tryhard-platform/src/services/da-vinci
[00:41:03][SERVICE-DA-VINCI] : Building...
[00:41:04][SERVICE-DA-VINCI] : Build exit status 1
can't load package: package tryhard-platform/src/services/da-vinci: no Go files in /src/tryhard-platform/src/services/da-vinci
[00:41:04][SERVICE-DA-VINCI] : Command "mv da-vinci ../../../bin"
mv: cannot stat 'da-vinci': No such file or directory

[00:41:06][SERVICE-SITUATION] : Installing...
[00:41:06][SERVICE-SITUATION] : Installed in 0.179 s
[00:41:06][SERVICE-SITUATION] : Building...
[00:41:07][SERVICE-SITUATION] : Built in 0.193 s
[00:41:07][SERVICE-SITUATION] : Running..
[00:41:07][SERVICE-SITUATION] : Build not found
